#
# There is insufficient memory for the Java Runtime Environment to continue.
# Native memory allocation (malloc) failed to allocate 938096 bytes for Chunk::new
# Possible reasons:
#   The system is out of physical RAM or swap space
#   The process is running with CompressedOops enabled, and the Java Heap may be blocking the growth of the native heap
# Possible solutions:
#   Reduce memory load on the system
#   Increase physical memory or swap space
#   Check if swap backing store is full
#   Decrease Java heap size (-Xmx/-Xms)
#   Decrease number of Java threads
#   Decrease Java thread stack sizes (-Xss)
#   Set larger code cache with -XX:ReservedCodeCacheSize=
#   JVM is running with Unscaled Compressed Oops mode in which the Java heap is
#     placed in the first 4GB address space. The Java Heap base address is the
#     maximum limit for the native heap growth. Please use -XX:HeapBaseMinAddress
#     to set the Java Heap base and to place the Java Heap above 4GB virtual address.
# This output file may be truncated or incomplete.
#
#  Out of Memory Error (arena.cpp:184), pid=6656, tid=1600
#
# JRE version: Java(TM) SE Runtime Environment (20.0.1+9) (build 20.0.1+9-29)
# Java VM: Java HotSpot(TM) 64-Bit Server VM (20.0.1+9-29, mixed mode, sharing, tiered, compressed oops, compressed class ptrs, g1 gc, windows-amd64)
# No core dump will be written. Minidumps are not enabled by default on client versions of Windows
#

---------------  S U M M A R Y ------------

Command Line: -javaagent:C:\Program Files\JetBrains\IntelliJ IDEA Community Edition 2023.1.1\lib\idea_rt.jar=63420:C:\Program Files\JetBrains\IntelliJ IDEA Community Edition 2023.1.1\bin -Dfile.encoding=UTF-8 -Dsun.stdout.encoding=UTF-8 -Dsun.stderr.encoding=UTF-8 com.codingbz.CodingBZ.CodingBzApplication

Host: AMD E1-6015 APU with Radeon(TM) R2 Graphics    , 2 cores, 3G,  Windows 10 , 64 bit Build 19041 (10.0.19041.2913)
Time: Thu Jun 15 10:38:59 2023 India Standard Time elapsed time: 40356.388013 seconds (0d 11h 12m 36s)

---------------  T H R E A D  ---------------

Current thread (0x000001a75fccd0a0):  JavaThread "C2 CompilerThread0" daemon [_thread_in_native, id=1600, stack(0x00000074da200000,0x00000074da300000)]


Current CompileTask:
C2:40356388 8191 %     4       sun.security.ec.XECOperations::pointMultiply @ 101 (383 bytes)

Stack: [0x00000074da200000,0x00000074da300000]
Native frames: (J=compiled Java code, j=interpreted, Vv=VM code, C=native code)
V  [jvm.dll+0x6bb95a]
V  [jvm.dll+0x8485fa]
V  [jvm.dll+0x84a1f5]
V  [jvm.dll+0x84a8f3]
V  [jvm.dll+0x280b0f]
V  [jvm.dll+0xc2b11]
V  [jvm.dll+0xc2e35]
V  [jvm.dll+0x3bb17c]
V  [jvm.dll+0x3857f5]
V  [jvm.dll+0x384c6a]
V  [jvm.dll+0x24b259]
V  [jvm.dll+0x24a651]
V  [jvm.dll+0x1ce491]
V  [jvm.dll+0x259e1b]
V  [jvm.dll+0x2584f0]
V  [jvm.dll+0x3f2895]
V  [jvm.dll+0x7f4b56]
V  [jvm.dll+0x6ba5cb]
C  [ucrtbase.dll+0x21bb2]
C  [KERNEL32.DLL+0x17614]
C  [ntdll.dll+0x526a1]


---------------  P R O C E S S  ---------------

Threads class SMR info:
_java_thread_list=0x000001a7667fa580, length=30, elements={
0x000001a75fcc4ac0, 0x000001a75fcc5a60, 0x000001a75fcc7750, 0x000001a75fcca1a0,
0x000001a75fccaae0, 0x000001a75fccc430, 0x000001a75fccd0a0, 0x000001a75fd30c10,
0x000001a75fd9d990, 0x000001a764302e40, 0x000001a7640c0790, 0x000001a76531d760,
0x000001a76531c220, 0x000001a76531ace0, 0x000001a76531b780, 0x000001a76531bcd0,
0x000001a76531c770, 0x000001a76531d210, 0x000001a76531dcb0, 0x000001a76531a790,
0x000001a7647233c0, 0x000001a764720e90, 0x000001a764724e50, 0x000001a764723e60,
0x000001a764727380, 0x000001a764727e20, 0x000001a764722920, 0x000001a7647213e0,
0x000001a764724900, 0x000001a7647253a0
}

Java Threads: ( => current thread )
  0x000001a75fcc4ac0 JavaThread "Reference Handler" daemon [_thread_blocked, id=13592, stack(0x00000074d9c00000,0x00000074d9d00000)]
  0x000001a75fcc5a60 JavaThread "Finalizer" daemon [_thread_blocked, id=2588, stack(0x00000074d9d00000,0x00000074d9e00000)]
  0x000001a75fcc7750 JavaThread "Signal Dispatcher" daemon [_thread_blocked, id=8752, stack(0x00000074d9e00000,0x00000074d9f00000)]
  0x000001a75fcca1a0 JavaThread "Attach Listener" daemon [_thread_blocked, id=14740, stack(0x00000074d9f00000,0x00000074da000000)]
  0x000001a75fccaae0 JavaThread "Service Thread" daemon [_thread_blocked, id=10588, stack(0x00000074da000000,0x00000074da100000)]
  0x000001a75fccc430 JavaThread "Monitor Deflation Thread" daemon [_thread_blocked, id=7044, stack(0x00000074da100000,0x00000074da200000)]
=>0x000001a75fccd0a0 JavaThread "C2 CompilerThread0" daemon [_thread_in_native, id=1600, stack(0x00000074da200000,0x00000074da300000)]
  0x000001a75fd30c10 JavaThread "C1 CompilerThread0" daemon [_thread_blocked, id=340, stack(0x00000074da300000,0x00000074da400000)]
  0x000001a75fd9d990 JavaThread "Common-Cleaner" daemon [_thread_blocked, id=8560, stack(0x00000074da400000,0x00000074da500000)]
  0x000001a764302e40 JavaThread "Monitor Ctrl-Break" daemon [_thread_in_native, id=8888, stack(0x00000074da600000,0x00000074da700000)]
  0x000001a7640c0790 JavaThread "Notification Thread" daemon [_thread_blocked, id=12092, stack(0x00000074da700000,0x00000074da800000)]
  0x000001a76531d760 JavaThread "Catalina-utility-1" [_thread_blocked, id=8512, stack(0x00000074da900000,0x00000074daa00000)]
  0x000001a76531c220 JavaThread "Catalina-utility-2" [_thread_blocked, id=4468, stack(0x00000074daa00000,0x00000074dab00000)]
  0x000001a76531ace0 JavaThread "container-0" [_thread_blocked, id=12368, stack(0x00000074dab00000,0x00000074dac00000)]
  0x000001a76531b780 JavaThread "mysql-cj-abandoned-connection-cleanup" daemon [_thread_blocked, id=8420, stack(0x00000074dac00000,0x00000074dad00000)]
  0x000001a76531bcd0 JavaThread "HikariPool-1 housekeeper" daemon [_thread_blocked, id=7052, stack(0x00000074dae00000,0x00000074daf00000)]
  0x000001a76531c770 JavaThread "http-nio-8080-exec-1" daemon [_thread_blocked, id=12944, stack(0x00000074d9300000,0x00000074d9400000)]
  0x000001a76531d210 JavaThread "http-nio-8080-exec-2" daemon [_thread_blocked, id=6600, stack(0x00000074d9400000,0x00000074d9500000)]
  0x000001a76531dcb0 JavaThread "http-nio-8080-exec-3" daemon [_thread_blocked, id=14140, stack(0x00000074db100000,0x00000074db200000)]
  0x000001a76531a790 JavaThread "http-nio-8080-exec-4" daemon [_thread_blocked, id=9312, stack(0x00000074db200000,0x00000074db300000)]
  0x000001a7647233c0 JavaThread "http-nio-8080-exec-5" daemon [_thread_blocked, id=10492, stack(0x00000074db300000,0x00000074db400000)]
  0x000001a764720e90 JavaThread "http-nio-8080-exec-6" daemon [_thread_blocked, id=14960, stack(0x00000074db400000,0x00000074db500000)]
  0x000001a764724e50 JavaThread "http-nio-8080-exec-7" daemon [_thread_blocked, id=13372, stack(0x00000074db500000,0x00000074db600000)]
  0x000001a764723e60 JavaThread "http-nio-8080-exec-8" daemon [_thread_blocked, id=1000, stack(0x00000074db600000,0x00000074db700000)]
  0x000001a764727380 JavaThread "http-nio-8080-exec-9" daemon [_thread_blocked, id=5408, stack(0x00000074db700000,0x00000074db800000)]
  0x000001a764727e20 JavaThread "http-nio-8080-exec-10" daemon [_thread_blocked, id=14592, stack(0x00000074db800000,0x00000074db900000)]
  0x000001a764722920 JavaThread "http-nio-8080-Poller" daemon [_thread_in_native, id=5260, stack(0x00000074db900000,0x00000074dba00000)]
  0x000001a7647213e0 JavaThread "http-nio-8080-Acceptor" daemon [_thread_in_native, id=11776, stack(0x00000074dba00000,0x00000074dbb00000)]
  0x000001a764724900 JavaThread "DestroyJavaVM" [_thread_blocked, id=1224, stack(0x00000074d9500000,0x00000074d9600000)]
  0x000001a7647253a0 JavaThread "HikariPool-1 connection adder" daemon [_thread_in_vm, id=11904, stack(0x00000074daf00000,0x00000074db000000)]

Other Threads:
  0x000001a743a56be0 VMThread "VM Thread" [stack: 0x00000074d9b00000,0x00000074d9c00000] [id=11792]
  0x000001a7642f4720 WatcherThread "VM Periodic Task Thread" [stack: 0x00000074da800000,0x00000074da900000] [id=13152]
  0x000001a7439e3d90 WorkerThread "GC Thread#0" [stack: 0x00000074d9600000,0x00000074d9700000] [id=15252]
  0x000001a7641d0b20 WorkerThread "GC Thread#1" [stack: 0x00000074da500000,0x00000074da600000] [id=14432]
  0x000001a7439ebbe0 ConcurrentGCThread "G1 Main Marker" [stack: 0x00000074d9700000,0x00000074d9800000] [id=12992]
  0x000001a7439ec610 WorkerThread "G1 Conc#0" [stack: 0x00000074d9800000,0x00000074d9900000] [id=3976]
  0x000001a743a32760 ConcurrentGCThread "G1 Refine#0" [stack: 0x00000074d9900000,0x00000074d9a00000] [id=7348]
  0x000001a743a333a0 ConcurrentGCThread "G1 Service" [stack: 0x00000074d9a00000,0x00000074d9b00000] [id=7596]

Threads with active compile tasks:
C2 CompilerThread0  40356520 8191 %     4       sun.security.ec.XECOperations::pointMultiply @ 101 (383 bytes)

VM state: not at safepoint (normal execution)

VM Mutex/Monitor currently owned by a thread: None

Heap address: 0x00000000c8600000, size: 890 MB, Compressed Oops mode: 32-bit

CDS archive(s) mapped at: [0x0000000800000000-0x0000000800c60000-0x0000000800c60000), size 12976128, SharedBaseAddress: 0x0000000800000000, ArchiveRelocationMode: 0.
Compressed class space mapped at: 0x0000000801000000-0x0000000841000000, reserved size: 1073741824
Narrow klass base: 0x0000000800000000, Narrow klass shift: 0, Narrow klass range: 0x100000000

GC Precious Log:
 CardTable entry size: 512
 Card Set container configuration: InlinePtr #cards 5 size 8 Array Of Cards #cards 12 size 40 Howl #buckets 4 coarsen threshold 1843 Howl Bitmap #cards 512 size 80 coarsen threshold 460 Card regions per heap region 1 cards per card region 2048
 CPUs: 2 total, 2 available
 Memory: 3554M
 Large Page Support: Disabled
 NUMA Support: Disabled
 Compressed Oops: Enabled (32-bit)
 Heap Region Size: 1M
 Heap Min Capacity: 8M
 Heap Initial Capacity: 56M
 Heap Max Capacity: 890M
 Pre-touch: Disabled
 Parallel Workers: 2
 Concurrent Workers: 1
 Concurrent Refinement Workers: 2
 Periodic GC: Disabled

Heap:
 garbage-first heap   total 51200K, used 29295K [0x00000000c8600000, 0x0000000100000000)
  region size 1024K, 3 young (3072K), 1 survivors (1024K)
 Metaspace       used 67405K, committed 68032K, reserved 1114112K
  class space    used 8756K, committed 9024K, reserved 1048576K

Heap Regions: E=young(eden), S=young(survivor), O=old, HS=humongous(starts), HC=humongous(continues), CS=collection set, F=free, OA=open archive, CA=closed archive, TAMS=top-at-mark-start, PB=parsable bottom
|   0|0x00000000c8600000, 0x00000000c8700000, 0x00000000c8700000|100%|HS|  |TAMS 0x00000000c8600000| PB 0x00000000c8600000| Complete 
|   1|0x00000000c8700000, 0x00000000c8800000, 0x00000000c8800000|100%| O|  |TAMS 0x00000000c8700000| PB 0x00000000c8700000| Untracked 
|   2|0x00000000c8800000, 0x00000000c8900000, 0x00000000c8900000|100%| O|  |TAMS 0x00000000c8800000| PB 0x00000000c8800000| Untracked 
|   3|0x00000000c8900000, 0x00000000c8a00000, 0x00000000c8a00000|100%| O|  |TAMS 0x00000000c8900000| PB 0x00000000c8900000| Untracked 
|   4|0x00000000c8a00000, 0x00000000c8b00000, 0x00000000c8b00000|100%| O|  |TAMS 0x00000000c8a00000| PB 0x00000000c8a00000| Untracked 
|   5|0x00000000c8b00000, 0x00000000c8c00000, 0x00000000c8c00000|100%| O|  |TAMS 0x00000000c8b00000| PB 0x00000000c8b00000| Untracked 
|   6|0x00000000c8c00000, 0x00000000c8d00000, 0x00000000c8d00000|100%| O|  |TAMS 0x00000000c8c00000| PB 0x00000000c8c00000| Untracked 
|   7|0x00000000c8d00000, 0x00000000c8e00000, 0x00000000c8e00000|100%| O|  |TAMS 0x00000000c8d00000| PB 0x00000000c8d00000| Untracked 
|   8|0x00000000c8e00000, 0x00000000c8f00000, 0x00000000c8f00000|100%| O|  |TAMS 0x00000000c8e00000| PB 0x00000000c8e00000| Untracked 
|   9|0x00000000c8f00000, 0x00000000c9000000, 0x00000000c9000000|100%| O|  |TAMS 0x00000000c8f00000| PB 0x00000000c8f00000| Untracked 
|  10|0x00000000c9000000, 0x00000000c9100000, 0x00000000c9100000|100%| O|  |TAMS 0x00000000c9000000| PB 0x00000000c9000000| Untracked 
|  11|0x00000000c9100000, 0x00000000c9200000, 0x00000000c9200000|100%| O|  |TAMS 0x00000000c9100000| PB 0x00000000c9100000| Untracked 
|  12|0x00000000c9200000, 0x00000000c9300000, 0x00000000c9300000|100%| O|  |TAMS 0x00000000c9200000| PB 0x00000000c9200000| Untracked 
|  13|0x00000000c9300000, 0x00000000c9400000, 0x00000000c9400000|100%| O|  |TAMS 0x00000000c9300000| PB 0x00000000c9300000| Untracked 
|  14|0x00000000c9400000, 0x00000000c9500000, 0x00000000c9500000|100%| O|  |TAMS 0x00000000c9400000| PB 0x00000000c9400000| Untracked 
|  15|0x00000000c9500000, 0x00000000c9600000, 0x00000000c9600000|100%| O|  |TAMS 0x00000000c9500000| PB 0x00000000c9500000| Untracked 
|  16|0x00000000c9600000, 0x00000000c9700000, 0x00000000c9700000|100%| O|  |TAMS 0x00000000c9600000| PB 0x00000000c9600000| Untracked 
|  17|0x00000000c9700000, 0x00000000c9700000, 0x00000000c9800000|  0%| F|  |TAMS 0x00000000c9700000| PB 0x00000000c9700000| Untracked 
|  18|0x00000000c9800000, 0x00000000c9900000, 0x00000000c9900000|100%| O|  |TAMS 0x00000000c9800000| PB 0x00000000c9800000| Untracked 
|  19|0x00000000c9900000, 0x00000000c9a00000, 0x00000000c9a00000|100%| O|  |TAMS 0x00000000c9900000| PB 0x00000000c9900000| Untracked 
|  20|0x00000000c9a00000, 0x00000000c9b00000, 0x00000000c9b00000|100%| O|  |TAMS 0x00000000c9a00000| PB 0x00000000c9a00000| Untracked 
|  21|0x00000000c9b00000, 0x00000000c9c00000, 0x00000000c9c00000|100%| O|  |TAMS 0x00000000c9b00000| PB 0x00000000c9b00000| Untracked 
|  22|0x00000000c9c00000, 0x00000000c9d00000, 0x00000000c9d00000|100%| O|  |TAMS 0x00000000c9c00000| PB 0x00000000c9c00000| Untracked 
|  23|0x00000000c9d00000, 0x00000000c9e00000, 0x00000000c9e00000|100%| O|  |TAMS 0x00000000c9d00000| PB 0x00000000c9d00000| Untracked 
|  24|0x00000000c9e00000, 0x00000000c9f00000, 0x00000000c9f00000|100%| O|  |TAMS 0x00000000c9e00000| PB 0x00000000c9e00000| Untracked 
|  25|0x00000000c9f00000, 0x00000000ca000000, 0x00000000ca000000|100%| O|  |TAMS 0x00000000c9f00000| PB 0x00000000c9f00000| Untracked 
|  26|0x00000000ca000000, 0x00000000ca100000, 0x00000000ca100000|100%| O|  |TAMS 0x00000000ca000000| PB 0x00000000ca000000| Untracked 
|  27|0x00000000ca100000, 0x00000000ca200000, 0x00000000ca200000|100%| O|  |TAMS 0x00000000ca100000| PB 0x00000000ca100000| Untracked 
|  28|0x00000000ca200000, 0x00000000ca24ca00, 0x00000000ca300000| 29%| O|  |TAMS 0x00000000ca200000| PB 0x00000000ca200000| Untracked 
|  29|0x00000000ca300000, 0x00000000ca300000, 0x00000000ca400000|  0%| F|  |TAMS 0x00000000ca300000| PB 0x00000000ca300000| Untracked 
|  30|0x00000000ca400000, 0x00000000ca400000, 0x00000000ca500000|  0%| F|  |TAMS 0x00000000ca400000| PB 0x00000000ca400000| Untracked 
|  31|0x00000000ca500000, 0x00000000ca500000, 0x00000000ca600000|  0%| F|  |TAMS 0x00000000ca500000| PB 0x00000000ca500000| Untracked 
|  32|0x00000000ca600000, 0x00000000ca600000, 0x00000000ca700000|  0%| F|  |TAMS 0x00000000ca600000| PB 0x00000000ca600000| Untracked 
|  33|0x00000000ca700000, 0x00000000ca700000, 0x00000000ca800000|  0%| F|  |TAMS 0x00000000ca700000| PB 0x00000000ca700000| Untracked 
|  34|0x00000000ca800000, 0x00000000ca800000, 0x00000000ca900000|  0%| F|  |TAMS 0x00000000ca800000| PB 0x00000000ca800000| Untracked 
|  35|0x00000000ca900000, 0x00000000ca900000, 0x00000000caa00000|  0%| F|  |TAMS 0x00000000ca900000| PB 0x00000000ca900000| Untracked 
|  36|0x00000000caa00000, 0x00000000caa00000, 0x00000000cab00000|  0%| F|  |TAMS 0x00000000caa00000| PB 0x00000000caa00000| Untracked 
|  37|0x00000000cab00000, 0x00000000cab00000, 0x00000000cac00000|  0%| F|  |TAMS 0x00000000cab00000| PB 0x00000000cab00000| Untracked 
|  38|0x00000000cac00000, 0x00000000cac00000, 0x00000000cad00000|  0%| F|  |TAMS 0x00000000cac00000| PB 0x00000000cac00000| Untracked 
|  39|0x00000000cad00000, 0x00000000cad00000, 0x00000000cae00000|  0%| F|  |TAMS 0x00000000cad00000| PB 0x00000000cad00000| Untracked 
|  40|0x00000000cae00000, 0x00000000cae00000, 0x00000000caf00000|  0%| F|  |TAMS 0x00000000cae00000| PB 0x00000000cae00000| Untracked 
|  41|0x00000000caf00000, 0x00000000caf00000, 0x00000000cb000000|  0%| F|  |TAMS 0x00000000caf00000| PB 0x00000000caf00000| Untracked 
|  42|0x00000000cb000000, 0x00000000cb000000, 0x00000000cb100000|  0%| F|  |TAMS 0x00000000cb000000| PB 0x00000000cb000000| Untracked 
|  43|0x00000000cb100000, 0x00000000cb100000, 0x00000000cb200000|  0%| F|  |TAMS 0x00000000cb100000| PB 0x00000000cb100000| Untracked 
|  44|0x00000000cb200000, 0x00000000cb200000, 0x00000000cb300000|  0%| F|  |TAMS 0x00000000cb200000| PB 0x00000000cb200000| Untracked 
|  45|0x00000000cb300000, 0x00000000cb300000, 0x00000000cb400000|  0%| F|  |TAMS 0x00000000cb300000| PB 0x00000000cb300000| Untracked 
|  46|0x00000000cb400000, 0x00000000cb400000, 0x00000000cb500000|  0%| F|  |TAMS 0x00000000cb400000| PB 0x00000000cb400000| Untracked 
|  51|0x00000000cb900000, 0x00000000cb94f2b0, 0x00000000cba00000| 30%| S|CS|TAMS 0x00000000cb900000| PB 0x00000000cb900000| Complete 
|  52|0x00000000cba00000, 0x00000000cbadd5f0, 0x00000000cbb00000| 86%| E|  |TAMS 0x00000000cba00000| PB 0x00000000cba00000| Complete 
|  53|0x00000000cbb00000, 0x00000000cbc00000, 0x00000000cbc00000|100%| E|CS|TAMS 0x00000000cbb00000| PB 0x00000000cbb00000| Complete 

Card table byte_map: [0x000001a75c7f0000,0x000001a75c9b0000] _byte_map_base: 0x000001a75c1ad000

Marking Bits: (CMBitMap*) 0x000001a7439e43c0
 Bits: [0x000001a75cb70000, 0x000001a75d958000)

Polling page: 0x000001a743860000

Metaspace:

Usage:
  Non-class:     57.28 MB used.
      Class:      8.55 MB used.
       Both:     65.83 MB used.

Virtual space:
  Non-class space:       64.00 MB reserved,      57.62 MB ( 90%) committed,  1 nodes.
      Class space:        1.00 GB reserved,       8.81 MB ( <1%) committed,  1 nodes.
             Both:        1.06 GB reserved,      66.44 MB (  6%) committed. 

Chunk freelists:
   Non-Class:  1.75 MB
       Class:  3.23 MB
        Both:  4.98 MB

MaxMetaspaceSize: unlimited
CompressedClassSpaceSize: 1.00 GB
Initial GC threshold: 21.00 MB
Current GC threshold: 110.12 MB
CDS: on
MetaspaceReclaimPolicy: balanced
 - commit_granule_bytes: 65536.
 - commit_granule_words: 8192.
 - virtual_space_node_default_size: 8388608.
 - enlarge_chunks_in_place: 1.
 - new_chunks_are_fully_committed: 0.
 - uncommit_free_chunks: 1.
 - use_allocation_guard: 0.


Internal statistics:

num_allocs_failed_limit: 9.
num_arena_births: 998.
num_arena_deaths: 312.
num_vsnodes_births: 2.
num_vsnodes_deaths: 0.
num_space_committed: 1063.
num_space_uncommitted: 0.
num_chunks_returned_to_freelist: 353.
num_chunks_taken_from_freelist: 3503.
num_chunk_merges: 100.
num_chunk_splits: 2357.
num_chunks_enlarged: 1844.
num_inconsistent_stats: 0.

CodeHeap 'non-profiled nmethods': size=120064Kb used=4049Kb max_used=4049Kb free=116014Kb
 bounds [0x000001a754cf0000, 0x000001a7550f0000, 0x000001a75c230000]
CodeHeap 'profiled nmethods': size=120000Kb used=12160Kb max_used=12528Kb free=107839Kb
 bounds [0x000001a74d230000, 0x000001a74deb0000, 0x000001a754760000]
CodeHeap 'non-nmethods': size=5696Kb used=1736Kb max_used=1782Kb free=3959Kb
 bounds [0x000001a754760000, 0x000001a7549d0000, 0x000001a754cf0000]
 total_blobs=6950 nmethods=6243 adapters=617
 compilation: enabled
              stopped_count=0, restarted_count=0
 full_count=0

Compilation events (20 events):
Event: 40355.322 Thread 0x000001a75fd30c10 nmethod 8183 0x000001a7550e3210 code [0x000001a7550e3380, 0x000001a7550e3448]
Event: 40355.323 Thread 0x000001a75fd30c10 8185       1       com.zaxxer.hikari.HikariConfig::getConnectionInitSql (5 bytes)
Event: 40355.324 Thread 0x000001a75fd30c10 nmethod 8185 0x000001a7550e3510 code [0x000001a7550e3680, 0x000001a7550e3748]
Event: 40355.324 Thread 0x000001a75fd30c10 8186       1       com.zaxxer.hikari.HikariConfig::getMaxLifetime (5 bytes)
Event: 40355.325 Thread 0x000001a75fd30c10 nmethod 8186 0x000001a7550e3810 code [0x000001a7550e3980, 0x000001a7550e3a50]
Event: 40355.326 Thread 0x000001a75fd30c10 8187       1       com.zaxxer.hikari.pool.PoolEntry::setFutureEol (6 bytes)
Event: 40355.329 Thread 0x000001a75fd30c10 nmethod 8187 0x000001a7550e3b10 code [0x000001a7550e3ca0, 0x000001a7550e3db8]
Event: 40355.343 Thread 0x000001a75fd30c10 8189       3       java.nio.charset.Charset::lookup2 (78 bytes)
Event: 40355.360 Thread 0x000001a75fd30c10 nmethod 8189 0x000001a74d6e4210 code [0x000001a74d6e4460, 0x000001a74d6e5040]
Event: 40355.360 Thread 0x000001a75fccd0a0 8190       4       jdk.internal.misc.Unsafe::copyMemory (33 bytes)
Event: 40355.373 Thread 0x000001a75fccd0a0 nmethod 8190 0x000001a7550e3e10 code [0x000001a7550e3f80, 0x000001a7550e4278]
Event: 40355.443 Thread 0x000001a75fccd0a0 8191 %     4       sun.security.ec.XECOperations::pointMultiply @ 101 (383 bytes)
Event: 40355.521 Thread 0x000001a75fd30c10 8193       3       sun.security.util.math.intpoly.IntegerPolynomial$Element::multiply (6 bytes)
Event: 40355.526 Thread 0x000001a75fd30c10 nmethod 8193 0x000001a74d887f90 code [0x000001a74d888120, 0x000001a74d8882d8]
Event: 40355.526 Thread 0x000001a75fd30c10 8194       3       sun.security.util.math.intpoly.IntegerPolynomial$Element::multiply (130 bytes)
Event: 40355.531 Thread 0x000001a75fd30c10 nmethod 8194 0x000001a74d88ea90 code [0x000001a74d88ec80, 0x000001a74d88f4a8]
Event: 40355.562 Thread 0x000001a75fd30c10 8195       3       java.security.MessageDigest::reset (10 bytes)
Event: 40355.568 Thread 0x000001a75fd30c10 nmethod 8195 0x000001a74d57bd10 code [0x000001a74d57bea0, 0x000001a74d57c160]
Event: 40355.568 Thread 0x000001a75fd30c10 8196       3       java.security.MessageDigest$Delegate::engineReset (8 bytes)
Event: 40355.569 Thread 0x000001a75fd30c10 nmethod 8196 0x000001a74d88e690 code [0x000001a74d88e820, 0x000001a74d88e9f0]

GC Heap History (20 events):
Event: 2109.430 GC heap before
{Heap before GC invocations=18 (full 0):
 garbage-first heap   total 48128K, used 40696K [0x00000000c8600000, 0x0000000100000000)
  region size 1024K, 18 young (18432K), 3 survivors (3072K)
 Metaspace       used 60780K, committed 61376K, reserved 1114112K
  class space    used 8022K, committed 8320K, reserved 1048576K
}
Event: 2110.207 GC heap after
{Heap after GC invocations=19 (full 0):
 garbage-first heap   total 48128K, used 27089K [0x00000000c8600000, 0x0000000100000000)
  region size 1024K, 3 young (3072K), 3 survivors (3072K)
 Metaspace       used 60780K, committed 61376K, reserved 1114112K
  class space    used 8022K, committed 8320K, reserved 1048576K
}
Event: 3579.729 GC heap before
{Heap before GC invocations=19 (full 0):
 garbage-first heap   total 48128K, used 27089K [0x00000000c8600000, 0x0000000100000000)
  region size 1024K, 4 young (4096K), 3 survivors (3072K)
 Metaspace       used 60813K, committed 61504K, reserved 1114112K
  class space    used 8022K, committed 8320K, reserved 1048576K
}
Event: 3579.963 GC heap after
{Heap after GC invocations=20 (full 0):
 garbage-first heap   total 48128K, used 27331K [0x00000000c8600000, 0x0000000100000000)
  region size 1024K, 1 young (1024K), 1 survivors (1024K)
 Metaspace       used 60813K, committed 61504K, reserved 1114112K
  class space    used 8022K, committed 8320K, reserved 1048576K
}
Event: 5125.868 GC heap before
{Heap before GC invocations=20 (full 0):
 garbage-first heap   total 48128K, used 41667K [0x00000000c8600000, 0x0000000100000000)
  region size 1024K, 16 young (16384K), 1 survivors (1024K)
 Metaspace       used 64486K, committed 65152K, reserved 1114112K
  class space    used 8521K, committed 8832K, reserved 1048576K
}
Event: 5125.944 GC heap after
{Heap after GC invocations=21 (full 0):
 garbage-first heap   total 48128K, used 28282K [0x00000000c8600000, 0x0000000100000000)
  region size 1024K, 2 young (2048K), 2 survivors (2048K)
 Metaspace       used 64486K, committed 65152K, reserved 1114112K
  class space    used 8521K, committed 8832K, reserved 1048576K
}
Event: 5127.401 GC heap before
{Heap before GC invocations=22 (full 0):
 garbage-first heap   total 51200K, used 29306K [0x00000000c8600000, 0x0000000100000000)
  region size 1024K, 3 young (3072K), 2 survivors (2048K)
 Metaspace       used 64561K, committed 65344K, reserved 1114112K
  class space    used 8488K, committed 8832K, reserved 1048576K
}
Event: 5127.438 GC heap after
{Heap after GC invocations=23 (full 0):
 garbage-first heap   total 51200K, used 28308K [0x00000000c8600000, 0x0000000100000000)
  region size 1024K, 1 young (1024K), 1 survivors (1024K)
 Metaspace       used 64561K, committed 65344K, reserved 1114112K
  class space    used 8488K, committed 8832K, reserved 1048576K
}
Event: 7190.514 GC heap before
{Heap before GC invocations=23 (full 0):
 garbage-first heap   total 51200K, used 43668K [0x00000000c8600000, 0x0000000100000000)
  region size 1024K, 17 young (17408K), 1 survivors (1024K)
 Metaspace       used 66218K, committed 66752K, reserved 1114112K
  class space    used 8699K, committed 8960K, reserved 1048576K
}
Event: 7191.085 GC heap after
{Heap after GC invocations=24 (full 0):
 garbage-first heap   total 51200K, used 27526K [0x00000000c8600000, 0x0000000100000000)
  region size 1024K, 2 young (2048K), 2 survivors (2048K)
 Metaspace       used 66218K, committed 66752K, reserved 1114112K
  class space    used 8699K, committed 8960K, reserved 1048576K
}
Event: 12529.375 GC heap before
{Heap before GC invocations=24 (full 0):
 garbage-first heap   total 51200K, used 44934K [0x00000000c8600000, 0x0000000100000000)
  region size 1024K, 20 young (20480K), 2 survivors (2048K)
 Metaspace       used 67042K, committed 67648K, reserved 1114112K
  class space    used 8751K, committed 9024K, reserved 1048576K
}
Event: 12529.750 GC heap after
{Heap after GC invocations=25 (full 0):
 garbage-first heap   total 51200K, used 29162K [0x00000000c8600000, 0x0000000100000000)
  region size 1024K, 2 young (2048K), 2 survivors (2048K)
 Metaspace       used 67042K, committed 67648K, reserved 1114112K
  class space    used 8751K, committed 9024K, reserved 1048576K
}
Event: 29658.427 GC heap before
{Heap before GC invocations=26 (full 0):
 garbage-first heap   total 51200K, used 32234K [0x00000000c8600000, 0x0000000100000000)
  region size 1024K, 5 young (5120K), 2 survivors (2048K)
 Metaspace       used 67100K, committed 67648K, reserved 1114112K
  class space    used 8752K, committed 9024K, reserved 1048576K
}
Event: 29658.548 GC heap after
{Heap after GC invocations=27 (full 0):
 garbage-first heap   total 51200K, used 28878K [0x00000000c8600000, 0x0000000100000000)
  region size 1024K, 1 young (1024K), 1 survivors (1024K)
 Metaspace       used 67100K, committed 67648K, reserved 1114112K
  class space    used 8752K, committed 9024K, reserved 1048576K
}
Event: 35471.469 GC heap before
{Heap before GC invocations=27 (full 0):
 garbage-first heap   total 51200K, used 45262K [0x00000000c8600000, 0x0000000100000000)
  region size 1024K, 17 young (17408K), 1 survivors (1024K)
 Metaspace       used 67343K, committed 67904K, reserved 1114112K
  class space    used 8753K, committed 9024K, reserved 1048576K
}
Event: 35471.864 GC heap after
{Heap after GC invocations=28 (full 0):
 garbage-first heap   total 51200K, used 29780K [0x00000000c8600000, 0x0000000100000000)
  region size 1024K, 2 young (2048K), 2 survivors (2048K)
 Metaspace       used 67343K, committed 67904K, reserved 1114112K
  class space    used 8753K, committed 9024K, reserved 1048576K
}
Event: 40351.935 GC heap before
{Heap before GC invocations=28 (full 0):
 garbage-first heap   total 51200K, used 30804K [0x00000000c8600000, 0x0000000100000000)
  region size 1024K, 3 young (3072K), 2 survivors (2048K)
 Metaspace       used 67349K, committed 67904K, reserved 1114112K
  class space    used 8753K, committed 9024K, reserved 1048576K
}
Event: 40352.381 GC heap after
{Heap after GC invocations=29 (full 0):
 garbage-first heap   total 51200K, used 28584K [0x00000000c8600000, 0x0000000100000000)
  region size 1024K, 1 young (1024K), 1 survivors (1024K)
 Metaspace       used 67349K, committed 67904K, reserved 1114112K
  class space    used 8753K, committed 9024K, reserved 1048576K
}
Event: 40354.553 GC heap before
{Heap before GC invocations=29 (full 0):
 garbage-first heap   total 51200K, used 29608K [0x00000000c8600000, 0x0000000100000000)
  region size 1024K, 2 young (2048K), 1 survivors (1024K)
 Metaspace       used 67359K, committed 67904K, reserved 1114112K
  class space    used 8753K, committed 9024K, reserved 1048576K
}
Event: 40354.723 GC heap after
{Heap after GC invocations=30 (full 0):
 garbage-first heap   total 51200K, used 28271K [0x00000000c8600000, 0x0000000100000000)
  region size 1024K, 1 young (1024K), 1 survivors (1024K)
 Metaspace       used 67359K, committed 67904K, reserved 1114112K
  class space    used 8753K, committed 9024K, reserved 1048576K
}

Dll operation events (14 events):
Event: 0.086 Loaded shared library C:\Program Files\Java\jdk-20\bin\java.dll
Event: 0.184 Loaded shared library C:\Program Files\Java\jdk-20\bin\jsvml.dll
Event: 1.069 Loaded shared library C:\Program Files\Java\jdk-20\bin\zip.dll
Event: 1.091 Loaded shared library C:\Program Files\Java\jdk-20\bin\instrument.dll
Event: 1.166 Loaded shared library C:\Program Files\Java\jdk-20\bin\net.dll
Event: 1.217 Loaded shared library C:\Program Files\Java\jdk-20\bin\nio.dll
Event: 1.218 Loaded shared library C:\Program Files\Java\jdk-20\bin\zip.dll
Event: 1.250 Loaded shared library C:\Program Files\Java\jdk-20\bin\jimage.dll
Event: 2.148 Loaded shared library C:\Program Files\JetBrains\IntelliJ IDEA Community Edition 2023.1.1\bin\breakgen64.dll
Event: 2.228 Loaded shared library C:\Program Files\Java\jdk-20\bin\extnet.dll
Event: 28.240 Loaded shared library C:\Program Files\Java\jdk-20\bin\sunmscapi.dll
Event: 28.407 Loaded shared library C:\Program Files\Java\jdk-20\bin\management.dll
Event: 28.423 Loaded shared library C:\Program Files\Java\jdk-20\bin\management_ext.dll
Event: 33.648 Loaded shared library C:\Program Files\Java\jdk-20\bin\verify.dll

Deoptimization events (20 events):
Event: 33524.541 Thread 0x000001a7647253a0 DEOPT PACKING pc=0x000001a74d2f5163 sp=0x00000074daffdc60
Event: 33524.543 Thread 0x000001a7647253a0 DEOPT UNPACKING pc=0x000001a7547ca4c2 sp=0x00000074daffd0e8 mode 0
Event: 35469.414 Thread 0x000001a7647268e0 DEOPT PACKING pc=0x000001a74dcf7f60 sp=0x00000074daffd8e0
Event: 35469.420 Thread 0x000001a7647268e0 DEOPT UNPACKING pc=0x000001a7547ca4c2 sp=0x00000074daffcd40 mode 0
Event: 35469.796 Thread 0x000001a7647268e0 Uncommon trap: trap_request=0xffffffbe fr.pc=0x000001a754da35d0 relative=0x00000000000002d0
Event: 35469.796 Thread 0x000001a7647268e0 Uncommon trap: reason=profile_predicate action=maybe_recompile pc=0x000001a754da35d0 method=sun.security.provider.HashDrbg.addBytes([BI[[B)V @ 36 c2
Event: 35469.796 Thread 0x000001a7647268e0 DEOPT PACKING pc=0x000001a754da35d0 sp=0x00000074daffdc20
Event: 35469.798 Thread 0x000001a7647268e0 DEOPT UNPACKING pc=0x000001a7547c9d22 sp=0x00000074daffdb80 mode 2
Event: 35469.800 Thread 0x000001a7647268e0 Uncommon trap: trap_request=0xffffffbe fr.pc=0x000001a754da35d0 relative=0x00000000000002d0
Event: 35469.800 Thread 0x000001a7647268e0 Uncommon trap: reason=profile_predicate action=maybe_recompile pc=0x000001a754da35d0 method=sun.security.provider.HashDrbg.addBytes([BI[[B)V @ 36 c2
Event: 35469.800 Thread 0x000001a7647268e0 DEOPT PACKING pc=0x000001a754da35d0 sp=0x00000074daffdc00
Event: 35469.801 Thread 0x000001a7647268e0 DEOPT UNPACKING pc=0x000001a7547c9d22 sp=0x00000074daffdb60 mode 2
Event: 35469.839 Thread 0x000001a7647268e0 Uncommon trap: trap_request=0xffffffbe fr.pc=0x000001a754da35d0 relative=0x00000000000002d0
Event: 35469.839 Thread 0x000001a7647268e0 Uncommon trap: reason=profile_predicate action=maybe_recompile pc=0x000001a754da35d0 method=sun.security.provider.HashDrbg.addBytes([BI[[B)V @ 36 c2
Event: 35469.840 Thread 0x000001a7647268e0 DEOPT PACKING pc=0x000001a754da35d0 sp=0x00000074daffd690
Event: 35469.842 Thread 0x000001a7647268e0 DEOPT UNPACKING pc=0x000001a7547c9d22 sp=0x00000074daffd5f0 mode 2
Event: 35470.057 Thread 0x000001a7647268e0 Uncommon trap: trap_request=0xffffffbe fr.pc=0x000001a754da35d0 relative=0x00000000000002d0
Event: 35470.057 Thread 0x000001a7647268e0 Uncommon trap: reason=profile_predicate action=maybe_recompile pc=0x000001a754da35d0 method=sun.security.provider.HashDrbg.addBytes([BI[[B)V @ 36 c2
Event: 35470.057 Thread 0x000001a7647268e0 DEOPT PACKING pc=0x000001a754da35d0 sp=0x00000074daffd4c0
Event: 35470.058 Thread 0x000001a7647268e0 DEOPT UNPACKING pc=0x000001a7547c9d22 sp=0x00000074daffd420 mode 2

Classes loaded (20 events):
Event: 8782.996 Loading class java/io/PrintWriter$1
Event: 8783.017 Loading class jdk/internal/access/JavaIOPrintWriterAccess
Event: 8783.046 Loading class jdk/internal/access/JavaIOPrintWriterAccess done
Event: 8783.046 Loading class java/io/PrintWriter$1 done
Event: 8784.815 Loading class java/util/ArrayList$SubList$2
Event: 8784.818 Loading class java/util/ArrayList$SubList$2 done
Event: 29649.896 Loading class java/net/BindException
Event: 29649.928 Loading class java/net/BindException done
Event: 29650.243 Loading class sun/util/resources/LocaleData$CommonResourceBundleProvider
Event: 29650.259 Loading class sun/util/resources/LocaleData$LocaleDataResourceBundleProvider
Event: 29650.313 Loading class java/util/spi/ResourceBundleProvider
Event: 29650.328 Loading class java/util/spi/ResourceBundleProvider done
Event: 29650.328 Loading class sun/util/resources/LocaleData$LocaleDataResourceBundleProvider done
Event: 29650.328 Loading class sun/util/resources/LocaleData$CommonResourceBundleProvider done
Event: 29650.605 Loading class java/util/ArrayList$SubList$1
Event: 29650.685 Loading class java/util/ArrayList$SubList$1 done
Event: 29650.699 Loading class sun/util/resources/Bundles$2
Event: 29651.740 Loading class sun/util/resources/Bundles$2 done
Event: 29655.349 Loading class java/text/FieldPosition$Delegate
Event: 29655.358 Loading class java/text/FieldPosition$Delegate done

Classes unloaded (20 events):
Event: 5126.372 Thread 0x000001a743a56be0 Unloading class 0x0000000801024000 'java/lang/invoke/LambdaForm$MH+0x0000000801024000'
Event: 5126.372 Thread 0x000001a743a56be0 Unloading class 0x0000000801015c00 'java/lang/invoke/LambdaForm$MH+0x0000000801015c00'
Event: 5126.372 Thread 0x000001a743a56be0 Unloading class 0x0000000801015400 'java/lang/invoke/LambdaForm$MH+0x0000000801015400'
Event: 5126.372 Thread 0x000001a743a56be0 Unloading class 0x0000000801014c00 'java/lang/invoke/LambdaForm$MH+0x0000000801014c00'
Event: 5126.373 Thread 0x000001a743a56be0 Unloading class 0x0000000801014400 'java/lang/invoke/LambdaForm$MH+0x0000000801014400'
Event: 5126.373 Thread 0x000001a743a56be0 Unloading class 0x0000000801014000 'java/lang/invoke/LambdaForm$MH+0x0000000801014000'
Event: 5126.373 Thread 0x000001a743a56be0 Unloading class 0x0000000801003800 'java/lang/invoke/LambdaForm$MH+0x0000000801003800'
Event: 5126.373 Thread 0x000001a743a56be0 Unloading class 0x0000000801003400 'java/lang/invoke/LambdaForm$MH+0x0000000801003400'
Event: 5126.373 Thread 0x000001a743a56be0 Unloading class 0x0000000801003000 'java/lang/invoke/LambdaForm$MH+0x0000000801003000'
Event: 5126.374 Thread 0x000001a743a56be0 Unloading class 0x0000000801002800 'java/lang/invoke/LambdaForm$MH+0x0000000801002800'
Event: 12530.652 Thread 0x000001a743a56be0 Unloading class 0x0000000801828400 'java/lang/invoke/LambdaForm$MH+0x0000000801828400'
Event: 12530.653 Thread 0x000001a743a56be0 Unloading class 0x0000000801827800 'java/lang/invoke/LambdaForm$MH+0x0000000801827800'
Event: 12530.653 Thread 0x000001a743a56be0 Unloading class 0x0000000801827000 'java/lang/invoke/LambdaForm$MH+0x0000000801827000'
Event: 12530.653 Thread 0x000001a743a56be0 Unloading class 0x0000000801826c00 'java/lang/invoke/LambdaForm$MH+0x0000000801826c00'
Event: 12530.653 Thread 0x000001a743a56be0 Unloading class 0x0000000801826800 'java/lang/invoke/LambdaForm$MH+0x0000000801826800'
Event: 12530.653 Thread 0x000001a743a56be0 Unloading class 0x0000000801826400 'java/lang/invoke/LambdaForm$MH+0x0000000801826400'
Event: 12530.653 Thread 0x000001a743a56be0 Unloading class 0x0000000801825000 'java/lang/invoke/LambdaForm$MH+0x0000000801825000'
Event: 12530.653 Thread 0x000001a743a56be0 Unloading class 0x0000000801824800 'java/lang/invoke/LambdaForm$MH+0x0000000801824800'
Event: 12530.653 Thread 0x000001a743a56be0 Unloading class 0x0000000801824400 'java/lang/invoke/LambdaForm$MH+0x0000000801824400'
Event: 12530.653 Thread 0x000001a743a56be0 Unloading class 0x0000000801824000 'java/lang/invoke/LambdaForm$MH+0x0000000801824000'

Classes redefined (0 events):
No events

Internal exceptions (20 events):
Event: 33523.874 Thread 0x000001a7647258f0 Exception <a 'java/io/IOException'{0x00000000caece7f0}> (0x00000000caece7f0) 
thrown [s\open\src\hotspot\share\prims\jni.cpp, line 519]
Event: 35468.988 Thread 0x000001a7647278d0 Exception <a 'java/io/IOException'{0x00000000caaacd98}> (0x00000000caaacd98) 
thrown [s\open\src\hotspot\share\prims\jni.cpp, line 519]
Event: 35469.134 Thread 0x000001a7647278d0 Exception <a 'java/io/IOException'{0x00000000caaad3e8}> (0x00000000caaad3e8) 
thrown [s\open\src\hotspot\share\prims\jni.cpp, line 519]
Event: 35469.218 Thread 0x000001a7647278d0 Exception <a 'java/net/SocketException'{0x00000000caabc1c0}: Connection reset by peer: shutdown> (0x00000000caabc1c0) 
thrown [s\open\src\hotspot\share\prims\jni.cpp, line 538]
Event: 40349.973 Thread 0x000001a764725e40 Exception <a 'java/io/IOException'{0x00000000cbb81e50}> (0x00000000cbb81e50) 
thrown [s\open\src\hotspot\share\prims\jni.cpp, line 519]
Event: 40350.185 Thread 0x000001a764725e40 Exception <a 'java/io/IOException'{0x00000000cbb86538}> (0x00000000cbb86538) 
thrown [s\open\src\hotspot\share\prims\jni.cpp, line 519]
Event: 40350.207 Thread 0x000001a764725e40 Exception <a 'java/io/IOException'{0x00000000cbb8b250}> (0x00000000cbb8b250) 
thrown [s\open\src\hotspot\share\prims\jni.cpp, line 519]
Event: 40350.207 Thread 0x000001a764725e40 Exception <a 'java/io/IOException'{0x00000000cbb8bb00}> (0x00000000cbb8bb00) 
thrown [s\open\src\hotspot\share\prims\jni.cpp, line 519]
Event: 40350.215 Thread 0x000001a764725e40 Exception <a 'java/io/IOException'{0x00000000cbb8d918}> (0x00000000cbb8d918) 
thrown [s\open\src\hotspot\share\prims\jni.cpp, line 519]
Event: 40350.216 Thread 0x000001a764725e40 Exception <a 'java/io/IOException'{0x00000000cbb8e1a8}> (0x00000000cbb8e1a8) 
thrown [s\open\src\hotspot\share\prims\jni.cpp, line 519]
Event: 40350.232 Thread 0x000001a764725e40 Exception <a 'java/io/IOException'{0x00000000cbb912a8}> (0x00000000cbb912a8) 
thrown [s\open\src\hotspot\share\prims\jni.cpp, line 519]
Event: 40350.233 Thread 0x000001a764725e40 Exception <a 'java/io/IOException'{0x00000000cbb91b58}> (0x00000000cbb91b58) 
thrown [s\open\src\hotspot\share\prims\jni.cpp, line 519]
Event: 40350.242 Thread 0x000001a764725e40 Exception <a 'java/io/IOException'{0x00000000cbb93928}> (0x00000000cbb93928) 
thrown [s\open\src\hotspot\share\prims\jni.cpp, line 519]
Event: 40350.247 Thread 0x000001a764725e40 Exception <a 'java/io/IOException'{0x00000000cbb93f78}> (0x00000000cbb93f78) 
thrown [s\open\src\hotspot\share\prims\jni.cpp, line 519]
Event: 40350.449 Thread 0x000001a764725e40 Exception <a 'java/io/IOException'{0x00000000cbb97d28}> (0x00000000cbb97d28) 
thrown [s\open\src\hotspot\share\prims\jni.cpp, line 519]
Event: 40350.449 Thread 0x000001a764725e40 Exception <a 'java/io/IOException'{0x00000000cbb985e8}> (0x00000000cbb985e8) 
thrown [s\open\src\hotspot\share\prims\jni.cpp, line 519]
Event: 40350.453 Thread 0x000001a764725e40 Exception <a 'java/io/IOException'{0x00000000cbb9a3b8}> (0x00000000cbb9a3b8) 
thrown [s\open\src\hotspot\share\prims\jni.cpp, line 519]
Event: 40350.453 Thread 0x000001a764725e40 Exception <a 'java/io/IOException'{0x00000000cbb9aa08}> (0x00000000cbb9aa08) 
thrown [s\open\src\hotspot\share\prims\jni.cpp, line 519]
Event: 40350.480 Thread 0x000001a764725e40 Exception <a 'java/io/IOException'{0x00000000cbb9c818}> (0x00000000cbb9c818) 
thrown [s\open\src\hotspot\share\prims\jni.cpp, line 519]
Event: 40350.482 Thread 0x000001a764725e40 Exception <a 'java/io/IOException'{0x00000000cbb9d0f0}> (0x00000000cbb9d0f0) 
thrown [s\open\src\hotspot\share\prims\jni.cpp, line 519]

VM Operations (20 events):
Event: 31456.902 Executing VM operation: Cleanup
Event: 31456.903 Executing VM operation: Cleanup done
Event: 31462.938 Executing VM operation: Cleanup
Event: 31462.938 Executing VM operation: Cleanup done
Event: 33524.248 Executing VM operation: Cleanup
Event: 33524.248 Executing VM operation: Cleanup done
Event: 33526.260 Executing VM operation: Cleanup
Event: 33526.260 Executing VM operation: Cleanup done
Event: 35471.460 Executing VM operation: G1CollectForAllocation
Event: 35471.866 Executing VM operation: G1CollectForAllocation done
Event: 36876.673 Executing VM operation: Cleanup
Event: 36876.681 Executing VM operation: Cleanup done
Event: 40350.647 Executing VM operation: Cleanup
Event: 40350.681 Executing VM operation: Cleanup done
Event: 40351.932 Executing VM operation: G1CollectForAllocation
Event: 40352.385 Executing VM operation: G1CollectForAllocation done
Event: 40354.538 Executing VM operation: G1CollectForAllocation
Event: 40354.726 Executing VM operation: G1CollectForAllocation done
Event: 40355.741 Executing VM operation: Cleanup
Event: 40355.741 Executing VM operation: Cleanup done

Events (20 events):
Event: 31451.415 Thread 0x000001a7647253a0 Thread exited: 0x000001a7647253a0
Event: 31451.510 Thread 0x000001a7647258f0 Thread exited: 0x000001a7647258f0
Event: 31454.431 Thread 0x000001a764722e70 Thread added: 0x000001a764722e70
Event: 31454.432 Thread 0x000001a7647253a0 Thread added: 0x000001a7647253a0
Event: 31461.876 Thread 0x000001a764722e70 Thread exited: 0x000001a764722e70
Event: 31461.972 Thread 0x000001a7647253a0 Thread exited: 0x000001a7647253a0
Event: 31462.143 Thread 0x000001a764721e80 Thread added: 0x000001a764721e80
Event: 31462.143 Thread 0x000001a764728370 Thread added: 0x000001a764728370
Event: 31467.190 Thread 0x000001a764721e80 Thread exited: 0x000001a764721e80
Event: 31467.254 Thread 0x000001a764728370 Thread exited: 0x000001a764728370
Event: 33523.255 Thread 0x000001a7647258f0 Thread added: 0x000001a7647258f0
Event: 33523.284 Thread 0x000001a7647253a0 Thread added: 0x000001a7647253a0
Event: 33529.157 Thread 0x000001a7647258f0 Thread exited: 0x000001a7647258f0
Event: 33531.333 Thread 0x000001a7647253a0 Thread exited: 0x000001a7647253a0
Event: 35468.030 Thread 0x000001a7647278d0 Thread added: 0x000001a7647278d0
Event: 35468.038 Thread 0x000001a7647268e0 Thread added: 0x000001a7647268e0
Event: 35474.260 Thread 0x000001a7647278d0 Thread exited: 0x000001a7647278d0
Event: 35476.925 Thread 0x000001a7647268e0 Thread exited: 0x000001a7647268e0
Event: 40347.258 Thread 0x000001a764725e40 Thread added: 0x000001a764725e40
Event: 40347.266 Thread 0x000001a7647253a0 Thread added: 0x000001a7647253a0


Dynamic libraries:
0x00007ff7575d0000 - 0x00007ff7575e0000 	C:\Program Files\Java\jdk-20\bin\java.exe
0x00007ff9533f0000 - 0x00007ff9535e8000 	C:\Windows\SYSTEM32\ntdll.dll
0x00007ff951530000 - 0x00007ff9515ef000 	C:\Windows\System32\KERNEL32.DLL
0x00007ff951120000 - 0x00007ff951416000 	C:\Windows\System32\KERNELBASE.dll
0x00007ff950ad0000 - 0x00007ff950bd0000 	C:\Windows\System32\ucrtbase.dll
0x00007ff948b80000 - 0x00007ff948b99000 	C:\Program Files\Java\jdk-20\bin\jli.dll
0x00007ff9515f0000 - 0x00007ff95169f000 	C:\Windows\System32\ADVAPI32.dll
0x00007ff952380000 - 0x00007ff95241e000 	C:\Windows\System32\msvcrt.dll
0x00007ff9532b0000 - 0x00007ff95334c000 	C:\Windows\System32\sechost.dll
0x00007ff952660000 - 0x00007ff952786000 	C:\Windows\System32\RPCRT4.dll
0x00007ff952000000 - 0x00007ff95219d000 	C:\Windows\System32\USER32.dll
0x00007ff950ef0000 - 0x00007ff950f12000 	C:\Windows\System32\win32u.dll
0x00007ff9521a0000 - 0x00007ff9521cc000 	C:\Windows\System32\GDI32.dll
0x00007ff950cb0000 - 0x00007ff950dc5000 	C:\Windows\System32\gdi32full.dll
0x00007ff951080000 - 0x00007ff95111d000 	C:\Windows\System32\msvcp_win.dll
0x00007ff942bd0000 - 0x00007ff942e6a000 	C:\Windows\WinSxS\amd64_microsoft.windows.common-controls_6595b64144ccf1df_6.0.19041.1110_none_60b5254171f9507e\COMCTL32.dll
0x00007ff9485b0000 - 0x00007ff9485ba000 	C:\Windows\SYSTEM32\VERSION.dll
0x00007ff942720000 - 0x00007ff94273b000 	C:\Program Files\Java\jdk-20\bin\VCRUNTIME140.dll
0x00007ff952420000 - 0x00007ff952450000 	C:\Windows\System32\IMM32.DLL
0x00007ff94a100000 - 0x00007ff94a10c000 	C:\Program Files\Java\jdk-20\bin\vcruntime140_1.dll
0x00007ff92b530000 - 0x00007ff92b5be000 	C:\Program Files\Java\jdk-20\bin\msvcp140.dll
0x00007ff903ec0000 - 0x00007ff904b57000 	C:\Program Files\Java\jdk-20\bin\server\jvm.dll
0x00007ff94e390000 - 0x00007ff94e399000 	C:\Windows\SYSTEM32\WSOCK32.dll
0x00007ff9530b0000 - 0x00007ff95311b000 	C:\Windows\System32\WS2_32.dll
0x00007ff948580000 - 0x00007ff9485a7000 	C:\Windows\SYSTEM32\WINMM.dll
0x00007ff94e990000 - 0x00007ff94e9a2000 	C:\Windows\SYSTEM32\kernel.appcore.dll
0x00007ff94a030000 - 0x00007ff94a03a000 	C:\Program Files\Java\jdk-20\bin\jimage.dll
0x00007ff93d620000 - 0x00007ff93d804000 	C:\Windows\SYSTEM32\DBGHELP.DLL
0x00007ff93ce30000 - 0x00007ff93ce64000 	C:\Windows\SYSTEM32\dbgcore.DLL
0x00007ff950c20000 - 0x00007ff950ca2000 	C:\Windows\System32\bcryptPrimitives.dll
0x00007ff949990000 - 0x00007ff94999e000 	C:\Program Files\Java\jdk-20\bin\instrument.dll
0x00007ff93fda0000 - 0x00007ff93fdc6000 	C:\Program Files\Java\jdk-20\bin\java.dll
0x00007ff923f70000 - 0x00007ff924047000 	C:\Program Files\Java\jdk-20\bin\jsvml.dll
0x00007ff9516a0000 - 0x00007ff951de4000 	C:\Windows\System32\SHELL32.dll
0x00007ff94eb90000 - 0x00007ff94f323000 	C:\Windows\SYSTEM32\windows.storage.dll
0x00007ff952790000 - 0x00007ff952ae4000 	C:\Windows\System32\combase.dll
0x00007ff950530000 - 0x00007ff95055e000 	C:\Windows\SYSTEM32\Wldp.dll
0x00007ff953120000 - 0x00007ff9531cd000 	C:\Windows\System32\SHCORE.dll
0x00007ff952b50000 - 0x00007ff952ba5000 	C:\Windows\System32\shlwapi.dll
0x00007ff950a10000 - 0x00007ff950a2f000 	C:\Windows\SYSTEM32\profapi.dll
0x00007ff941e40000 - 0x00007ff941e58000 	C:\Program Files\Java\jdk-20\bin\zip.dll
0x00007ff940780000 - 0x00007ff940793000 	C:\Program Files\Java\jdk-20\bin\net.dll
0x00007ff942980000 - 0x00007ff942a8a000 	C:\Windows\SYSTEM32\WINHTTP.dll
0x00007ff950290000 - 0x00007ff9502fa000 	C:\Windows\system32\mswsock.dll
0x00007ff93fe10000 - 0x00007ff93fe26000 	C:\Program Files\Java\jdk-20\bin\nio.dll
0x00007ff93fce0000 - 0x00007ff93fcfa000 	C:\Program Files\JetBrains\IntelliJ IDEA Community Edition 2023.1.1\bin\breakgen64.dll
0x00007ff948b60000 - 0x00007ff948b67000 	C:\Program Files\Java\jdk-20\bin\extnet.dll
0x00007ff950480000 - 0x00007ff950498000 	C:\Windows\SYSTEM32\CRYPTSP.dll
0x00007ff94fb40000 - 0x00007ff94fb74000 	C:\Windows\system32\rsaenh.dll
0x00007ff951420000 - 0x00007ff951447000 	C:\Windows\System32\bcrypt.dll
0x00007ff950990000 - 0x00007ff9509be000 	C:\Windows\SYSTEM32\USERENV.dll
0x00007ff9504a0000 - 0x00007ff9504ac000 	C:\Windows\SYSTEM32\CRYPTBASE.dll
0x00007ff94ff30000 - 0x00007ff94ff6c000 	C:\Windows\SYSTEM32\IPHLPAPI.DLL
0x00007ff951ff0000 - 0x00007ff951ff8000 	C:\Windows\System32\NSI.dll
0x00007ff942960000 - 0x00007ff942977000 	C:\Windows\SYSTEM32\dhcpcsvc6.DLL
0x00007ff947900000 - 0x00007ff94791d000 	C:\Windows\SYSTEM32\dhcpcsvc.DLL
0x00007ff94ff80000 - 0x00007ff95004b000 	C:\Windows\SYSTEM32\DNSAPI.dll
0x00007ff946e40000 - 0x00007ff946e4e000 	C:\Program Files\Java\jdk-20\bin\sunmscapi.dll
0x00007ff950f20000 - 0x00007ff95107e000 	C:\Windows\System32\CRYPT32.dll
0x00007ff9505a0000 - 0x00007ff9505c8000 	C:\Windows\SYSTEM32\ncrypt.dll
0x00007ff950560000 - 0x00007ff95059b000 	C:\Windows\SYSTEM32\NTASN1.dll
0x00007ff946cc0000 - 0x00007ff946cca000 	C:\Program Files\Java\jdk-20\bin\management.dll
0x00007ff9428a0000 - 0x00007ff9428ab000 	C:\Program Files\Java\jdk-20\bin\management_ext.dll
0x00007ff952450000 - 0x00007ff952458000 	C:\Windows\System32\PSAPI.DLL
0x00007ff942660000 - 0x00007ff942670000 	C:\Program Files\Java\jdk-20\bin\verify.dll
0x00007ff93fef0000 - 0x00007ff93fefa000 	C:\Windows\System32\rasadhlp.dll
0x00007ff940320000 - 0x00007ff9403a2000 	C:\Windows\System32\fwpuclnt.dll
0x00007ff9481b0000 - 0x00007ff9481b7000 	C:\Windows\system32\wshunix.dll

dbghelp: loaded successfully - version: 4.0.5 - missing functions: none
symbol engine: initialized successfully - sym options: 0x614 - pdb path: .;C:\Program Files\Java\jdk-20\bin;C:\Windows\SYSTEM32;C:\Windows\WinSxS\amd64_microsoft.windows.common-controls_6595b64144ccf1df_6.0.19041.1110_none_60b5254171f9507e;C:\Program Files\Java\jdk-20\bin\server;C:\Program Files\JetBrains\IntelliJ IDEA Community Edition 2023.1.1\bin

VM Arguments:
jvm_args: -javaagent:C:\Program Files\JetBrains\IntelliJ IDEA Community Edition 2023.1.1\lib\idea_rt.jar=63420:C:\Program Files\JetBrains\IntelliJ IDEA Community Edition 2023.1.1\bin -Dfile.encoding=UTF-8 -Dsun.stdout.encoding=UTF-8 -Dsun.stderr.encoding=UTF-8 
java_command: com.codingbz.CodingBZ.CodingBzApplication
java_class_path (initial): C:\Users\rohit\IdeaProjects\CodingBZ\target\classes;C:\Users\rohit\.m2\repository\org\springframework\boot\spring-boot-starter-data-jpa\3.1.0\spring-boot-starter-data-jpa-3.1.0.jar;C:\Users\rohit\.m2\repository\org\springframework\boot\spring-boot-starter-aop\3.1.0\spring-boot-starter-aop-3.1.0.jar;C:\Users\rohit\.m2\repository\org\springframework\spring-aop\6.0.9\spring-aop-6.0.9.jar;C:\Users\rohit\.m2\repository\org\aspectj\aspectjweaver\1.9.19\aspectjweaver-1.9.19.jar;C:\Users\rohit\.m2\repository\org\springframework\boot\spring-boot-starter-jdbc\3.1.0\spring-boot-starter-jdbc-3.1.0.jar;C:\Users\rohit\.m2\repository\com\zaxxer\HikariCP\5.0.1\HikariCP-5.0.1.jar;C:\Users\rohit\.m2\repository\org\springframework\spring-jdbc\6.0.9\spring-jdbc-6.0.9.jar;C:\Users\rohit\.m2\repository\org\hibernate\orm\hibernate-core\6.2.2.Final\hibernate-core-6.2.2.Final.jar;C:\Users\rohit\.m2\repository\jakarta\persistence\jakarta.persistence-api\3.1.0\jakarta.persistence-api-3.1.0.jar;C:\Users\rohit\.m2\repository\jakarta\transaction\jakarta.transaction-api\2.0.1\jakarta.transaction-api-2.0.1.jar;C:\Users\rohit\.m2\repository\org\jboss\logging\jboss-logging\3.5.0.Final\jboss-logging-3.5.0.Final.jar;C:\Users\rohit\.m2\repository\org\hibernate\common\hibernate-commons-annotations\6.0.6.Final\hibernate-commons-annotations-6.0.6.Final.jar;C:\Users\rohit\.m2\repository\io\smallrye\jandex\3.0.5\jandex-3.0.5.jar;C:\Users\rohit\.m2\repository\com\fasterxml\classmate\1.5.1\classmate-1.5.1.jar;C:\Users\rohit\.m2\repository\net\bytebuddy\byte-buddy\1.14.4\byte-buddy-1.14.4.jar;C:\Users\rohit\.m2\repository\org\glassfish\jaxb\jaxb-runtime\4.0.2\jaxb-runtime-4.0.2.jar;C:\Users\rohit\.m2\repository\org\glassfish\jaxb\jaxb-core\4.0.2\jaxb-core-4.0.2.jar;C:\Users\rohit\.m2\repository\org\eclipse\angus\angus-activation\2.0.0\angus-activation-2.0.0.jar;C:\Users\rohit\.m2\repository\org\glassfish\jaxb\txw2\4.0.2\txw2-4.0.2.jar;C:\Users\rohit\.m2\repository\com\sun\istack\istack-commons-runtime\4.1.1\istack-commons-runtime-4.1.1.jar;C:\Users\rohit\.m2\repository\jakarta\inject\jakarta.inject-api\2.0.1\jakarta.inject-api-2.0.1.jar;C:\Users\rohit\.m2\repository\org\antlr\antlr4-runtime\4.10.1\antlr4-runtime-4.10.1.jar;C:\Users\rohit\.m2\repository\org\springframework\data\spring-data-jpa\3.1.0\spring-data-jpa-3.1.0.jar;C:\Users\rohit\.m2\repository\org\springframework\data\spring-data-commons\3.1.0\spring-data-commons-3.1.0.jar;C:\Users\rohit\.m2\repository\org\springframework\spring-orm\6.0.9\spring-orm-6.0.9.jar;C:\Users\rohit\.m2\repository\org\springframework\spring-context\6.0.9\spring-context-6.0.9.jar;C:\Users\rohit\.m2\repository\org\springframework\spring-tx\6.0.9\spring-tx-6.0.9.jar;C:\Users\rohit\.m2\repository\org\springframework\spring-beans\6.0.9\spring-beans-6.0.9.jar;C:\Users\rohit\.m2\repository\jakarta\annotation\jakarta.annotation-api\2.1.1\jakarta.annotation-api-2.1.1.jar;C:\Users\rohit\.m2\repository\org\slf4j\slf4j-api\2.0.7\slf4j-api-2.0.7.jar;C:\Users\rohit\.m2\repository\org\springframework\spring-aspects\6.0.9\spring-aspects-6.0.9.jar;C:\Users\rohit\.m2\repository\org\springframework\boot\spring-boot-starter-web\3.1.0\spring-boot-starter-web-3.1.0.jar;C:\Users\rohit\.m2\repository\org\springframework\boot\spring-boot-starter\3.1.0\spring-boot-starter-3.1.0.jar;C:\Users\rohit\.m2\repository\org\springframework\boot\spring-boot\3.1.0\spring-boot-3.1.0.jar;C:\Users\rohit\.m2\repository\org\springframework\boot\spring-boot-autoconfigure\3.1.0\spring-boot-autoconfigure-3.1.0.jar;C:\Users\rohit\.m2\repository\org\springframework\boot\spring-boot-starter-logging\3.1.0\spring-boot-starter-logging-3.1.0.jar;C:\Users\rohit\.m2\repository\ch\qos\logback\logback-classic\1.4.7\logback-classic-1.4.7.jar;C:\Users\rohit\.m2\repository\ch\qos\logback\logback-core\1.4.7\logback-core-1.4.7.jar;C:\Users\rohit\.m2\repository\org\apache\logging\log4j\log4j-to-slf4j\2.20.0\log4j-to-slf4j-2.20.0.jar;C:\Users\rohit\.m2\repository\org\apache\logging\log4j\log4j-api\2.20.0\log4j-api-2.20.0.jar;C:\Users\rohit\.m2\repository\org\slf4j\jul-to-slf4j\2.0.7\jul-to-slf4j-2.0.7.jar;C:\Users\rohit\.m2\repository\org\yaml\snakeyaml\1.33\snakeyaml-1.33.jar;C:\Users\rohit\.m2\repository\org\springframework\boot\spring-boot-starter-json\3.1.0\spring-boot-starter-json-3.1.0.jar;C:\Users\rohit\.m2\repository\com\fasterxml\jackson\core\jackson-databind\2.15.0\jackson-databind-2.15.0.jar;C:\Users\rohit\.m2\repository\com\fasterxml\jackson\core\jackson-annotations\2.15.0\jackson-annotations-2.15.0.jar;C:\Users\rohit\.m2\repository\com\fasterxml\jackson\core\jackson-core\2.15.0\jackson-core-2.15.0.jar;C:\Users\rohit\.m2\repository\com\fasterxml\jackson\datatype\jackson-datatype-jdk8\2.15.0\jackson-datatype-jdk8-2.15.0.jar;C:\Users\rohit\.m2\repository\com\fasterxml\jackson\datatype\jackson-datatype-jsr310\2.15.0\jackson-datatype-jsr310-2.15.0.jar;C:\Users\rohit\.m2\repository\com\fasterxml\jackson\module\jackson-module-parameter-names\2.15.0\jackson-module-parameter-names-2.15.0.jar;C:\Users\rohit\.m2\repository\org\springframework\boot\spring-boot-starter-tomcat\3.1.0\spring-boot-starter-tomcat-3.1.0.jar;C:\Users\rohit\.m2\repository\org\apache\tomcat\embed\tomcat-embed-core\10.1.8\tomcat-embed-core-10.1.8.jar;C:\Users\rohit\.m2\repository\org\apache\tomcat\embed\tomcat-embed-el\10.1.8\tomcat-embed-el-10.1.8.jar;C:\Users\rohit\.m2\repository\org\apache\tomcat\embed\tomcat-embed-websocket\10.1.8\tomcat-embed-websocket-10.1.8.jar;C:\Users\rohit\.m2\repository\org\springframework\spring-web\6.0.9\spring-web-6.0.9.jar;C:\Users\rohit\.m2\repository\io\micrometer\micrometer-observation\1.11.0\micrometer-observation-1.11.0.jar;C:\Users\rohit\.m2\repository\io\micrometer\micrometer-commons\1.11.0\micrometer-commons-1.11.0.jar;C:\Users\rohit\.m2\repository\org\springframework\spring-webmvc\6.0.9\spring-webmvc-6.0.9.jar;C:\Users\rohit\.m2\repository\org\springframework\spring-expression\6.0.9\spring-expression-6.0.9.jar;C:\Users\rohit\.m2\repository\com\mysql\mysql-connector-j\8.0.33\mysql-connector-j-8.0.33.jar;C:\Users\rohit\.m2\repository\org\projectlombok\lombok\1.18.26\lombok-1.18.26.jar;C:\Users\rohit\.m2\repository\jakarta\xml\bind\jakarta.xml.bind-api\4.0.0\jakarta.xml.bind-api-4.0.0.jar;C:\Users\rohit\.m2\repository\jakarta\activation\jakarta.activation-api\2.1.2\jakarta.activation-api-2.1.2.jar;C:\Users\rohit\.m2\repository\org\springframework\spring-core\6.0.9\spring-core-6.0.9.jar;C:\Users\rohit\.m2\repository\org\springframework\spring-jcl\6.0.9\spring-jcl-6.0.9.jar
Launcher Type: SUN_STANDARD

[Global flags]
     intx CICompilerCount                          = 2                                         {product} {ergonomic}
     uint ConcGCThreads                            = 1                                         {product} {ergonomic}
     uint G1ConcRefinementThreads                  = 2                                         {product} {ergonomic}
   size_t G1HeapRegionSize                         = 1048576                                   {product} {ergonomic}
    uintx GCDrainStackTargetSize                   = 64                                        {product} {ergonomic}
   size_t InitialHeapSize                          = 58720256                                  {product} {ergonomic}
   size_t MarkStackSize                            = 4194304                                   {product} {ergonomic}
   size_t MaxHeapSize                              = 933232640                                 {product} {ergonomic}
   size_t MaxNewSize                               = 559939584                                 {product} {ergonomic}
   size_t MinHeapDeltaBytes                        = 1048576                                   {product} {ergonomic}
   size_t MinHeapSize                              = 8388608                                   {product} {ergonomic}
    uintx NonNMethodCodeHeapSize                   = 5826188                                {pd product} {ergonomic}
    uintx NonProfiledCodeHeapSize                  = 122916026                              {pd product} {ergonomic}
    uintx ProfiledCodeHeapSize                     = 122916026                              {pd product} {ergonomic}
    uintx ReservedCodeCacheSize                    = 251658240                              {pd product} {ergonomic}
     bool SegmentedCodeCache                       = true                                      {product} {ergonomic}
   size_t SoftMaxHeapSize                          = 933232640                              {manageable} {ergonomic}
     bool UseCompressedClassPointers               = true                           {product lp64_product} {ergonomic}
     bool UseCompressedOops                        = true                           {product lp64_product} {ergonomic}
     bool UseG1GC                                  = true                                      {product} {ergonomic}
     bool UseLargePagesIndividualAllocation        = false                                  {pd product} {ergonomic}

Logging:
Log output configuration:
 #0: stdout all=warning uptime,level,tags foldmultilines=false
 #1: stderr all=off uptime,level,tags foldmultilines=false

Environment Variables:
JAVA_HOME=C:\Program Files\Java\jdk-20
PATH=C:\Program Files\Python311\Scripts\;C:\Program Files\Python311\;C:\Program Files\Common Files\Oracle\Java\javapath;C:\Windows\system32;C:\Windows;C:\Windows\System32\Wbem;C:\Windows\System32\WindowsPowerShell\v1.0\;C:\Windows\System32\OpenSSH\;C:\Program Files (x86)\Maven\apache-maven-3.9.1\bin;C:\Program Files\Java\jdk-20\bin;C:\Program Files\nodejs\;C:\Program Files\MySQL\MySQL Server 8.0\bin;C:\Program Files\Git\cmd;C:\Users\rohit\AppData\Roaming\npm\node_modules\yarn\bin;C:\Program Files\MySQL\MySQL Shell 8.0\bin\;C:\Users\rohit\AppData\Local\Microsoft\WindowsApps;;C:\Users\rohit\AppData\Local\Programs\Microsoft VS Code\bin;C:\Program Files\JetBrains\IntelliJ IDEA Community Edition 2023.1.1\bin;;C:\Users\rohit\AppData\Roaming\npm
USERNAME=rohit
OS=Windows_NT
PROCESSOR_IDENTIFIER=AMD64 Family 22 Model 0 Stepping 1, AuthenticAMD
TMP=C:\Users\rohit\AppData\Local\Temp
TEMP=C:\Users\rohit\AppData\Local\Temp




---------------  S Y S T E M  ---------------

OS:
 Windows 10 , 64 bit Build 19041 (10.0.19041.2913)
OS uptime: 1 days 23:02 hours

CPU: total 2 (initial active 2) (2 cores per cpu, 1 threads per core) family 22 model 0 stepping 1 microcode 0x0, cx8, cmov, fxsr, mmx, 3dnowpref, sse, sse2, sse3, ssse3, sse4a, sse4.1, sse4.2, popcnt, lzcnt, tsc, tscinvbit, avx, aes, clmul, bmi1, vzeroupper, clflush, rdtscp, f16c

Memory: 4k page, system-wide physical 3554M (263M free)
TotalPageFile size 14306M (AvailPageFile size 1M)
current process WorkingSet (physical memory assigned to process): 76M, peak: 213M
current process commit charge ("private bytes"): 242M, peak: 258M

vm_info: Java HotSpot(TM) 64-Bit Server VM (20.0.1+9-29) for windows-amd64 JRE (20.0.1+9-29), built on 2023-03-07T13:56:11Z by "mach5one" with MS VC++ 17.1 (VS2022)

END.
